<?xml version="1.0" encoding="UTF-8"?>
<!-- Generated by org.testng.reporters.JUnitXMLReporter -->
<testsuite ignored="0" hostname="LAPTOP-94CP97N4" failures="0" tests="4" name="Test" time="82.401" errors="0" timestamp="2022-10-02T23:05:51 IDT">
  <testcase classname="com.SecuriThingsTest.testing.TestNGMain" name="createAccount" time="28.218"/>
  <testcase classname="com.SecuriThingsTest.testing.TestNGMain" name="addItemsToCart" time="27.245"/>
  <testcase classname="com.SecuriThingsTest.testing.TestNGMain" name="pay" time="26.722"/>
  <testcase classname="com.SecuriThingsTest.testing.TestNGMain" name="closeDriver" time="0.186"/>
</testsuite> <!-- Test -->
