<?xml version="1.0" encoding="UTF-8"?>
<testng-results ignored="0" total="4" passed="4" failed="0" skipped="0">
  <reporter-output>
  </reporter-output>
  <suite started-at="2022-10-02T23:04:29 IDT" name="Suite" finished-at="2022-10-02T23:05:51 IDT" duration-ms="82401">
    <groups>
    </groups>
    <test started-at="2022-10-02T23:04:29 IDT" name="Test" finished-at="2022-10-02T23:05:51 IDT" duration-ms="82401">
      <class name="com.SecuriThingsTest.testing.TestNGMain">
        <test-method signature="createAccount()[pri:0, instance:com.SecuriThingsTest.testing.TestNGMain@1e04fa0a]" started-at="2022-10-02T23:04:29 IDT" name="createAccount" finished-at="2022-10-02T23:04:57 IDT" duration-ms="28218" status="PASS">
          <reporter-output>
          </reporter-output>
        </test-method> <!-- createAccount -->
        <test-method signature="addItemsToCart()[pri:0, instance:com.SecuriThingsTest.testing.TestNGMain@1e04fa0a]" started-at="2022-10-02T23:04:57 IDT" name="addItemsToCart" finished-at="2022-10-02T23:05:24 IDT" depends-on-methods="com.SecuriThingsTest.testing.TestNGMain.createAccount" duration-ms="27245" status="PASS">
          <reporter-output>
          </reporter-output>
        </test-method> <!-- addItemsToCart -->
        <test-method signature="pay()[pri:0, instance:com.SecuriThingsTest.testing.TestNGMain@1e04fa0a]" started-at="2022-10-02T23:05:24 IDT" name="pay" finished-at="2022-10-02T23:05:51 IDT" depends-on-methods="com.SecuriThingsTest.testing.TestNGMain.addItemsToCart" duration-ms="26722" status="PASS">
          <reporter-output>
          </reporter-output>
        </test-method> <!-- pay -->
        <test-method signature="closeDriver()[pri:0, instance:com.SecuriThingsTest.testing.TestNGMain@1e04fa0a]" started-at="2022-10-02T23:05:51 IDT" name="closeDriver" finished-at="2022-10-02T23:05:51 IDT" depends-on-methods="com.SecuriThingsTest.testing.TestNGMain.addItemsToCart" duration-ms="186" status="PASS">
          <reporter-output>
          </reporter-output>
        </test-method> <!-- closeDriver -->
      </class> <!-- com.SecuriThingsTest.testing.TestNGMain -->
    </test> <!-- Test -->
  </suite> <!-- Suite -->
</testng-results>
